<?xml version="1.0" encoding="UTF-8"?>
<!-- Generated by org.testng.reporters.JUnitXMLReporter -->
<testsuite ignored="0" hostname="LAP-2441" failures="1" tests="1" name="Test" time="18.021" errors="0" timestamp="2024-07-25T09:34:57 IST">
  <testcase classname="com.sprinto.tests.TestCases" name="TestCase_01" time="11.65">
    <failure type="java.lang.AssertionError">
      <![CDATA[java.lang.AssertionError: 
at com.sprinto.tests.TestCases.TestCase_01(TestCases.java:79)
at java.base/java.util.ArrayList.forEach(ArrayList.java:1596)
... Removed 28 stack frames]]>
    </failure>
  </testcase> <!-- TestCase_01 -->
</testsuite> <!-- Test -->
